2020-07-07 23:11:39,387 [INFO] Constructing Blockchain ...
2020-07-07 23:11:39,456 [INFO] Blockchain constructed !!!
2020-07-07 23:11:39,458 [INFO] Server Started on 0.0.0.0:1335
2020-07-07 23:11:41,921 [INFO] alice has started the connection.
2020-07-07 23:11:41,952 [INFO] Sending Zone file to alice
2020-07-07 23:11:47,007 [INFO] bob has started the connection.
2020-07-07 23:11:47,016 [INFO] Sending Zone file to bob
2020-07-07 23:11:51,232 [INFO] miner has started the connection.
2020-07-07 23:11:51,240 [INFO] Sending hash to miner
2020-07-07 23:12:06,287 [INFO] Proof verified, creating new block ...
2020-07-07 23:12:06,288 [INFO] Sending hash to miner
2020-07-07 23:12:10,090 [INFO] alice has been disconnected.
2020-07-07 23:12:12,788 [INFO] alice has started the connection.
2020-07-07 23:12:12,792 [INFO] Sending Zone file to alice
2020-07-07 23:12:16,367 [INFO] bob has been disconnected.
2020-07-07 23:12:19,524 [INFO] bob has started the connection.
2020-07-07 23:12:19,530 [INFO] Sending Zone file to bob
2020-07-07 23:12:21,474 [INFO] Proof verified, creating new block ...
2020-07-07 23:12:21,477 [INFO] Sending hash to miner
2020-07-07 23:12:33,373 [INFO] alice has registered for a domain
2020-07-07 23:12:35,027 [INFO] Forwarding Domain information to all nodes
2020-07-07 23:12:36,917 [INFO] Proof verified, creating new block ...
2020-07-07 23:12:36,918 [INFO] Sending hash to miner
2020-07-07 23:12:44,106 [INFO] bob has registered for a domain
2020-07-07 23:12:45,103 [INFO] Forwarding Domain information to all nodes
2020-07-07 23:12:51,943 [INFO] Proof verified, creating new block ...
2020-07-07 23:12:51,945 [INFO] Sending hash to miner
2020-07-07 23:13:07,072 [INFO] Proof verified, creating new block ...
2020-07-07 23:13:07,073 [INFO] Sending hash to miner
2020-07-07 23:13:22,108 [INFO] Proof verified, creating new block ...
2020-07-07 23:13:22,109 [INFO] Sending hash to miner
2020-07-07 23:13:37,170 [INFO] Proof verified, creating new block ...
2020-07-07 23:13:37,171 [INFO] Sending hash to miner
2020-07-07 23:13:39,360 [INFO] miner has been disconnected.
